<?xml version="1.0" encoding="UTF-8"?>
<testng-results ignored="0" total="6" passed="5" failed="1" skipped="0">
  <reporter-output>
  </reporter-output>
  <suite started-at="2022-02-25T20:16:31Z" name="Selenium1Demo" finished-at="2022-02-25T20:17:29Z" duration-ms="57720">
    <groups>
    </groups>
    <test started-at="2022-02-25T20:16:31Z" name=" Test" finished-at="2022-02-25T20:17:29Z" duration-ms="57720">
      <class name="com.selenium1Demo.testCases.TC_LoginDDT_002">
        <test-method is-config="true" signature="setup()[pri:0, instance:com.selenium1Demo.testCases.TC_LoginDDT_002@323b36e0]" started-at="2022-02-25T20:16:31Z" name="setup" finished-at="2022-02-25T20:16:36Z" duration-ms="4244" status="PASS">
          <reporter-output>
          </reporter-output>
        </test-method> <!-- setup -->
        <test-method signature="loginDDT(java.lang.String, java.lang.String)[pri:0, instance:com.selenium1Demo.testCases.TC_LoginDDT_002@323b36e0]" started-at="2022-02-25T20:16:37Z" name="loginDDT" data-provider="LoginData" finished-at="2022-02-25T20:16:46Z" duration-ms="8869" status="PASS">
          <params>
            <param index="0">
              <value>
                <![CDATA[mngr387424]]>
              </value>
            </param>
            <param index="1">
              <value>
                <![CDATA[judazUd]]>
              </value>
            </param>
          </params>
          <reporter-output>
          </reporter-output>
        </test-method> <!-- loginDDT -->
        <test-method signature="loginDDT(java.lang.String, java.lang.String)[pri:0, instance:com.selenium1Demo.testCases.TC_LoginDDT_002@323b36e0]" started-at="2022-02-25T20:16:46Z" name="loginDDT" data-provider="LoginData" finished-at="2022-02-25T20:16:55Z" duration-ms="8889" status="PASS">
          <params>
            <param index="0">
              <value>
                <![CDATA[mngr387424]]>
              </value>
            </param>
            <param index="1">
              <value>
                <![CDATA[judazUd]]>
              </value>
            </param>
          </params>
          <reporter-output>
          </reporter-output>
        </test-method> <!-- loginDDT -->
        <test-method signature="loginDDT(java.lang.String, java.lang.String)[pri:0, instance:com.selenium1Demo.testCases.TC_LoginDDT_002@323b36e0]" started-at="2022-02-25T20:16:55Z" name="loginDDT" data-provider="LoginData" finished-at="2022-02-25T20:17:03Z" duration-ms="8492" status="PASS">
          <params>
            <param index="0">
              <value>
                <![CDATA[mngr387424]]>
              </value>
            </param>
            <param index="1">
              <value>
                <![CDATA[judazUd]]>
              </value>
            </param>
          </params>
          <reporter-output>
          </reporter-output>
        </test-method> <!-- loginDDT -->
        <test-method signature="loginDDT(java.lang.String, java.lang.String)[pri:0, instance:com.selenium1Demo.testCases.TC_LoginDDT_002@323b36e0]" started-at="2022-02-25T20:17:03Z" name="loginDDT" data-provider="LoginData" finished-at="2022-02-25T20:17:12Z" duration-ms="8609" status="PASS">
          <params>
            <param index="0">
              <value>
                <![CDATA[mngr387424]]>
              </value>
            </param>
            <param index="1">
              <value>
                <![CDATA[judazUd]]>
              </value>
            </param>
          </params>
          <reporter-output>
          </reporter-output>
        </test-method> <!-- loginDDT -->
        <test-method signature="loginDDT(java.lang.String, java.lang.String)[pri:0, instance:com.selenium1Demo.testCases.TC_LoginDDT_002@323b36e0]" started-at="2022-02-25T20:17:12Z" name="loginDDT" data-provider="LoginData" finished-at="2022-02-25T20:17:21Z" duration-ms="8675" status="PASS">
          <params>
            <param index="0">
              <value>
                <![CDATA[mngr387424]]>
              </value>
            </param>
            <param index="1">
              <value>
                <![CDATA[judazUd]]>
              </value>
            </param>
          </params>
          <reporter-output>
          </reporter-output>
        </test-method> <!-- loginDDT -->
        <test-method is-config="true" signature="tearDown()[pri:0, instance:com.selenium1Demo.testCases.TC_LoginDDT_002@323b36e0]" started-at="2022-02-25T20:17:21Z" name="tearDown" finished-at="2022-02-25T20:17:21Z" duration-ms="694" status="PASS">
          <reporter-output>
          </reporter-output>
        </test-method> <!-- tearDown -->
      </class> <!-- com.selenium1Demo.testCases.TC_LoginDDT_002 -->
      <class name="com.selenium1Demo.testCases.TC_LoginTest_001">
        <test-method is-config="true" signature="setup()[pri:0, instance:com.selenium1Demo.testCases.TC_LoginTest_001@44ebcd03]" started-at="2022-02-25T20:17:21Z" name="setup" finished-at="2022-02-25T20:17:27Z" duration-ms="5818" status="PASS">
          <reporter-output>
          </reporter-output>
        </test-method> <!-- setup -->
        <test-method signature="loginTest()[pri:0, instance:com.selenium1Demo.testCases.TC_LoginTest_001@44ebcd03]" started-at="2022-02-25T20:17:27Z" name="loginTest" finished-at="2022-02-25T20:17:28Z" duration-ms="739" status="FAIL">
          <exception class="org.openqa.selenium.UnhandledAlertException">
            <message>
              <![CDATA[unexpected alert open: {Alert text : User or Password is not valid}
  (Session info: chrome=98.0.4758.102): User or Password is not valid
Build info: version: '3.14.0', revision: 'aacccce0', time: '2018-08-02T20:19:58.91Z'
System info: host: 'DESKTOP-C7DDVKG', ip: '192.168.0.63', os.name: 'Windows 10', os.arch: 'amd64', os.version: '10.0', java.version: '11.0.14'
Driver info: org.openqa.selenium.chrome.ChromeDriver
Capabilities {acceptInsecureCerts: false, browserName: chrome, browserVersion: 98.0.4758.102, chrome: {chromedriverVersion: 97.0.4692.71 (adefa7837d02a..., userDataDir: C:\Users\User\AppData\Local...}, goog:chromeOptions: {debuggerAddress: localhost:56568}, javascriptEnabled: true, networkConnectionEnabled: false, pageLoadStrategy: normal, platform: WINDOWS, platformName: WINDOWS, proxy: Proxy(), setWindowRect: true, strictFileInteractability: false, timeouts: {implicit: 0, pageLoad: 300000, script: 30000}, unhandledPromptBehavior: dismiss and notify, webauthn:extension:credBlob: true, webauthn:extension:largeBlob: true, webauthn:virtualAuthenticators: true}
Session ID: 18b56ccd3cf35ab889a3e932512ba68e]]>
            </message>
            <full-stacktrace>
              <![CDATA[org.openqa.selenium.UnhandledAlertException: unexpected alert open: {Alert text : User or Password is not valid}
  (Session info: chrome=98.0.4758.102): User or Password is not valid
Build info: version: '3.14.0', revision: 'aacccce0', time: '2018-08-02T20:19:58.91Z'
System info: host: 'DESKTOP-C7DDVKG', ip: '192.168.0.63', os.name: 'Windows 10', os.arch: 'amd64', os.version: '10.0', java.version: '11.0.14'
Driver info: org.openqa.selenium.chrome.ChromeDriver
Capabilities {acceptInsecureCerts: false, browserName: chrome, browserVersion: 98.0.4758.102, chrome: {chromedriverVersion: 97.0.4692.71 (adefa7837d02a..., userDataDir: C:\Users\User\AppData\Local...}, goog:chromeOptions: {debuggerAddress: localhost:56568}, javascriptEnabled: true, networkConnectionEnabled: false, pageLoadStrategy: normal, platform: WINDOWS, platformName: WINDOWS, proxy: Proxy(), setWindowRect: true, strictFileInteractability: false, timeouts: {implicit: 0, pageLoad: 300000, script: 30000}, unhandledPromptBehavior: dismiss and notify, webauthn:extension:credBlob: true, webauthn:extension:largeBlob: true, webauthn:virtualAuthenticators: true}
Session ID: 18b56ccd3cf35ab889a3e932512ba68e
at org.openqa.selenium.remote.http.W3CHttpResponseCodec.decode(W3CHttpResponseCodec.java:120)
at org.openqa.selenium.remote.http.W3CHttpResponseCodec.decode(W3CHttpResponseCodec.java:49)
at org.openqa.selenium.remote.HttpCommandExecutor.execute(HttpCommandExecutor.java:158)
at org.openqa.selenium.remote.service.DriverCommandExecutor.execute(DriverCommandExecutor.java:83)
at org.openqa.selenium.remote.RemoteWebDriver.execute(RemoteWebDriver.java:548)
at org.openqa.selenium.remote.RemoteWebDriver.execute(RemoteWebDriver.java:605)
at org.openqa.selenium.remote.RemoteWebDriver.getTitle(RemoteWebDriver.java:280)
at com.selenium1Demo.testCases.TC_LoginTest_001.loginTest(TC_LoginTest_001.java:33)
at java.base/jdk.internal.reflect.NativeMethodAccessorImpl.invoke0(Native Method)
at java.base/jdk.internal.reflect.NativeMethodAccessorImpl.invoke(NativeMethodAccessorImpl.java:62)
at java.base/jdk.internal.reflect.DelegatingMethodAccessorImpl.invoke(DelegatingMethodAccessorImpl.java:43)
at java.base/java.lang.reflect.Method.invoke(Method.java:566)
at org.testng.internal.MethodInvocationHelper.invokeMethod(MethodInvocationHelper.java:124)
at org.testng.internal.Invoker.invokeMethod(Invoker.java:583)
at org.testng.internal.Invoker.invokeTestMethod(Invoker.java:719)
at org.testng.internal.Invoker.invokeTestMethods(Invoker.java:989)
at org.testng.internal.TestMethodWorker.invokeTestMethods(TestMethodWorker.java:125)
at org.testng.internal.TestMethodWorker.run(TestMethodWorker.java:109)
at org.testng.TestRunner.privateRun(TestRunner.java:648)
at org.testng.TestRunner.run(TestRunner.java:505)
at org.testng.SuiteRunner.runTest(SuiteRunner.java:455)
at org.testng.SuiteRunner.runSequentially(SuiteRunner.java:450)
at org.testng.SuiteRunner.privateRun(SuiteRunner.java:415)
at org.testng.SuiteRunner.run(SuiteRunner.java:364)
at org.testng.SuiteRunnerWorker.runSuite(SuiteRunnerWorker.java:52)
at org.testng.SuiteRunnerWorker.run(SuiteRunnerWorker.java:84)
at org.testng.TestNG.runSuitesSequentially(TestNG.java:1208)
at org.testng.TestNG.runSuitesLocally(TestNG.java:1137)
at org.testng.TestNG.runSuites(TestNG.java:1049)
at org.testng.TestNG.run(TestNG.java:1017)
at org.apache.maven.surefire.testng.TestNGExecutor.run(TestNGExecutor.java:295)
at org.apache.maven.surefire.testng.TestNGXmlTestSuite.execute(TestNGXmlTestSuite.java:84)
at org.apache.maven.surefire.testng.TestNGProvider.invoke(TestNGProvider.java:90)
at org.apache.maven.surefire.booter.ForkedBooter.invokeProviderInSameClassLoader(ForkedBooter.java:203)
at org.apache.maven.surefire.booter.ForkedBooter.runSuitesInProcess(ForkedBooter.java:155)
at org.apache.maven.surefire.booter.ForkedBooter.main(ForkedBooter.java:103)
]]>
            </full-stacktrace>
          </exception> <!-- org.openqa.selenium.UnhandledAlertException -->
          <reporter-output>
          </reporter-output>
        </test-method> <!-- loginTest -->
        <test-method is-config="true" signature="tearDown()[pri:0, instance:com.selenium1Demo.testCases.TC_LoginTest_001@44ebcd03]" started-at="2022-02-25T20:17:28Z" name="tearDown" finished-at="2022-02-25T20:17:29Z" duration-ms="814" status="PASS">
          <reporter-output>
          </reporter-output>
        </test-method> <!-- tearDown -->
      </class> <!-- com.selenium1Demo.testCases.TC_LoginTest_001 -->
    </test> <!--  Test -->
  </suite> <!-- Selenium1Demo -->
</testng-results>
