<?xml version="1.0" encoding="UTF-8"?>
<testsuite name="TestSuite" time="33.614" tests="13" errors="0" skipped="10" failures="3">
  <properties>
[...]
</properties>
  <testcase name="setup" classname="com.selenium1Demo.testCases.TC_LoginTest_001" time="7.95">
    <failure message="session not created: This version of ChromeDriver only supports Chrome version 97&#10;Current browser version is 99.0.4844.51 with binary path C:\Program Files\Google\Chrome\Application\chrome.exe&#10;Build info: version: &apos;3.14.0&apos;, revision: &apos;aacccce0&apos;, time: &apos;2018-08-02T20:19:58.91Z&apos;&#10;System info: host: &apos;DESKTOP-C7DDVKG&apos;, ip: &apos;192.168.0.63&apos;, os.name: &apos;Windows 10&apos;, os.arch: &apos;amd64&apos;, os.version: &apos;10.0&apos;, java.version: &apos;11.0.14&apos;&#10;Driver info: driver.version: ChromeDriver&#10;remote stacktrace: Backtrace:&#10;	Ordinal0 [0x00CEFDC3+2555331]&#10;	Ordinal0 [0x00C877F1+2127857]&#10;	Ordinal0 [0x00B82E08+1060360]&#10;	Ordinal0 [0x00BA19CA+1186250]&#10;	Ordinal0 [0x00B9D825+1169445]&#10;	Ordinal0 [0x00B9AFC1+1159105]&#10;	Ordinal0 [0x00BCC22F+1360431]&#10;	Ordinal0 [0x00BCBE9A+1359514]&#10;	Ordinal0 [0x00BC7976+1341814]&#10;	Ordinal0 [0x00BA36B6+1193654]&#10;	Ordinal0 [0x00BA4546+1197382]&#10;	GetHandleVerifier [0x00E89622+1619522]&#10;	GetHandleVerifier [0x00F3882C+2336844]&#10;	GetHandleVerifier [0x00D823E1+541697]&#10;	GetHandleVerifier [0x00D81443+537699]&#10;	Ordinal0 [0x00C8D18E+2150798]&#10;	Ordinal0 [0x00C91518+2168088]&#10;	Ordinal0 [0x00C91660+2168416]&#10;	Ordinal0 [0x00C9B330+2208560]&#10;	BaseThreadInitThunk [0x7794FA29+25]&#10;	RtlGetAppContainerNamedObjectPath [0x77E57A7E+286]&#10;	RtlGetAppContainerNamedObjectPath [0x77E57A4E+238]&#10;" type="org.openqa.selenium.SessionNotCreatedException"><![CDATA[org.openqa.selenium.SessionNotCreatedException: session not created: This version of ChromeDriver only supports Chrome version 97
Current browser version is 99.0.4844.51 with binary path C:\Program Files\Google\Chrome\Application\chrome.exe
Build info: version: '3.14.0', revision: 'aacccce0', time: '2018-08-02T20:19:58.91Z'
System info: host: 'DESKTOP-C7DDVKG', ip: '192.168.0.63', os.name: 'Windows 10', os.arch: 'amd64', os.version: '10.0', java.version: '11.0.14'
Driver info: driver.version: ChromeDriver
remote stacktrace: Backtrace:
	Ordinal0 [0x00CEFDC3+2555331]
	Ordinal0 [0x00C877F1+2127857]
	Ordinal0 [0x00B82E08+1060360]
	Ordinal0 [0x00BA19CA+1186250]
	Ordinal0 [0x00B9D825+1169445]
	Ordinal0 [0x00B9AFC1+1159105]
	Ordinal0 [0x00BCC22F+1360431]
	Ordinal0 [0x00BCBE9A+1359514]
	Ordinal0 [0x00BC7976+1341814]
	Ordinal0 [0x00BA36B6+1193654]
	Ordinal0 [0x00BA4546+1197382]
	GetHandleVerifier [0x00E89622+1619522]
	GetHandleVerifier [0x00F3882C+2336844]
	GetHandleVerifier [0x00D823E1+541697]
	GetHandleVerifier [0x00D81443+537699]
	Ordinal0 [0x00C8D18E+2150798]
	Ordinal0 [0x00C91518+2168088]
	Ordinal0 [0x00C91660+2168416]
	Ordinal0 [0x00C9B330+2208560]
	BaseThreadInitThunk [0x7794FA29+25]
	RtlGetAppContainerNamedObjectPath [0x77E57A7E+286]
	RtlGetAppContainerNamedObjectPath [0x77E57A4E+238]

	at java.base/jdk.internal.reflect.NativeConstructorAccessorImpl.newInstance0(Native Method)
	at java.base/jdk.internal.reflect.NativeConstructorAccessorImpl.newInstance(NativeConstructorAccessorImpl.java:62)
	at java.base/jdk.internal.reflect.DelegatingConstructorAccessorImpl.newInstance(DelegatingConstructorAccessorImpl.java:45)
	at java.base/java.lang.reflect.Constructor.newInstance(Constructor.java:490)
	at org.openqa.selenium.remote.W3CHandshakeResponse.lambda$new$0(W3CHandshakeResponse.java:57)
	at org.openqa.selenium.remote.W3CHandshakeResponse.lambda$getResponseFunction$2(W3CHandshakeResponse.java:104)
	at org.openqa.selenium.remote.ProtocolHandshake.lambda$createSession$0(ProtocolHandshake.java:122)
	at java.base/java.util.stream.ReferencePipeline$3$1.accept(ReferencePipeline.java:195)
	at java.base/java.util.Spliterators$ArraySpliterator.tryAdvance(Spliterators.java:958)
	at java.base/java.util.stream.ReferencePipeline.forEachWithCancel(ReferencePipeline.java:127)
	at java.base/java.util.stream.AbstractPipeline.copyIntoWithCancel(AbstractPipeline.java:502)
	at java.base/java.util.stream.AbstractPipeline.copyInto(AbstractPipeline.java:488)
	at java.base/java.util.stream.AbstractPipeline.wrapAndCopyInto(AbstractPipeline.java:474)
	at java.base/java.util.stream.FindOps$FindOp.evaluateSequential(FindOps.java:150)
	at java.base/java.util.stream.AbstractPipeline.evaluate(AbstractPipeline.java:234)
	at java.base/java.util.stream.ReferencePipeline.findFirst(ReferencePipeline.java:543)
	at org.openqa.selenium.remote.ProtocolHandshake.createSession(ProtocolHandshake.java:125)
	at org.openqa.selenium.remote.ProtocolHandshake.createSession(ProtocolHandshake.java:73)
	at org.openqa.selenium.remote.HttpCommandExecutor.execute(HttpCommandExecutor.java:136)
	at org.openqa.selenium.remote.service.DriverCommandExecutor.execute(DriverCommandExecutor.java:83)
	at org.openqa.selenium.remote.RemoteWebDriver.execute(RemoteWebDriver.java:548)
	at org.openqa.selenium.remote.RemoteWebDriver.startSession(RemoteWebDriver.java:212)
	at org.openqa.selenium.remote.RemoteWebDriver.<init>(RemoteWebDriver.java:130)
	at org.openqa.selenium.chrome.ChromeDriver.<init>(ChromeDriver.java:181)
	at org.openqa.selenium.chrome.ChromeDriver.<init>(ChromeDriver.java:168)
	at org.openqa.selenium.chrome.ChromeDriver.<init>(ChromeDriver.java:123)
	at com.selenium1Demo.testCases.BaseClass.setup(BaseClass.java:40)
	at java.base/jdk.internal.reflect.NativeMethodAccessorImpl.invoke0(Native Method)
	at java.base/jdk.internal.reflect.NativeMethodAccessorImpl.invoke(NativeMethodAccessorImpl.java:62)
	at java.base/jdk.internal.reflect.DelegatingMethodAccessorImpl.invoke(DelegatingMethodAccessorImpl.java:43)
	at java.base/java.lang.reflect.Method.invoke(Method.java:566)
	at org.testng.internal.MethodInvocationHelper.invokeMethod(MethodInvocationHelper.java:124)
	at org.testng.internal.MethodInvocationHelper.invokeMethodConsideringTimeout(MethodInvocationHelper.java:59)
	at org.testng.internal.Invoker.invokeConfigurationMethod(Invoker.java:458)
	at org.testng.internal.Invoker.invokeConfigurations(Invoker.java:222)
	at org.testng.internal.Invoker.invokeConfigurations(Invoker.java:142)
	at org.testng.internal.TestMethodWorker.invokeBeforeClassMethods(TestMethodWorker.java:168)
	at org.testng.internal.TestMethodWorker.run(TestMethodWorker.java:105)
	at org.testng.TestRunner.privateRun(TestRunner.java:648)
	at org.testng.TestRunner.run(TestRunner.java:505)
	at org.testng.SuiteRunner.runTest(SuiteRunner.java:455)
	at org.testng.SuiteRunner.runSequentially(SuiteRunner.java:450)
	at org.testng.SuiteRunner.privateRun(SuiteRunner.java:415)
	at org.testng.SuiteRunner.run(SuiteRunner.java:364)
	at org.testng.SuiteRunnerWorker.runSuite(SuiteRunnerWorker.java:52)
	at org.testng.SuiteRunnerWorker.run(SuiteRunnerWorker.java:84)
	at org.testng.TestNG.runSuitesSequentially(TestNG.java:1208)
	at org.testng.TestNG.runSuitesLocally(TestNG.java:1137)
	at org.testng.TestNG.runSuites(TestNG.java:1049)
	at org.testng.TestNG.run(TestNG.java:1017)
	at org.apache.maven.surefire.testng.TestNGExecutor.run(TestNGExecutor.java:295)
	at org.apache.maven.surefire.testng.TestNGXmlTestSuite.execute(TestNGXmlTestSuite.java:84)
	at org.apache.maven.surefire.testng.TestNGProvider.invoke(TestNGProvider.java:90)
	at org.apache.maven.surefire.booter.ForkedBooter.invokeProviderInSameClassLoader(ForkedBooter.java:203)
	at org.apache.maven.surefire.booter.ForkedBooter.runSuitesInProcess(ForkedBooter.java:155)
	at org.apache.maven.surefire.booter.ForkedBooter.main(ForkedBooter.java:103)
]]></failure>
    <system-err><![CDATA[Starting ChromeDriver 97.0.4692.71 (adefa7837d02a07a604c1e6eff0b3a09422ab88d-refs/branch-heads/4692@{#1247}) on port 44424
Only local connections are allowed.
Please see https://chromedriver.chromium.org/security-considerations for suggestions on keeping ChromeDriver safe.
ChromeDriver was started successfully.
]]></system-err>
  </testcase>
  <testcase name="loginTest" classname="com.selenium1Demo.testCases.TC_LoginTest_001" time="0">
    <skipped/>
  </testcase>
  <testcase name="tearDown" classname="com.selenium1Demo.testCases.TC_LoginTest_001" time="0">
    <skipped/>
  </testcase>
  <testcase name="setup" classname="com.selenium1Demo.testCases.TC_LoginDDT_002" time="10.332">
    <failure message="session not created: This version of ChromeDriver only supports Chrome version 97&#10;Current browser version is 99.0.4844.51 with binary path C:\Program Files\Google\Chrome\Application\chrome.exe&#10;Build info: version: &apos;3.14.0&apos;, revision: &apos;aacccce0&apos;, time: &apos;2018-08-02T20:19:58.91Z&apos;&#10;System info: host: &apos;DESKTOP-C7DDVKG&apos;, ip: &apos;192.168.0.63&apos;, os.name: &apos;Windows 10&apos;, os.arch: &apos;amd64&apos;, os.version: &apos;10.0&apos;, java.version: &apos;11.0.14&apos;&#10;Driver info: driver.version: ChromeDriver&#10;remote stacktrace: Backtrace:&#10;	Ordinal0 [0x00CEFDC3+2555331]&#10;	Ordinal0 [0x00C877F1+2127857]&#10;	Ordinal0 [0x00B82E08+1060360]&#10;	Ordinal0 [0x00BA19CA+1186250]&#10;	Ordinal0 [0x00B9D825+1169445]&#10;	Ordinal0 [0x00B9AFC1+1159105]&#10;	Ordinal0 [0x00BCC22F+1360431]&#10;	Ordinal0 [0x00BCBE9A+1359514]&#10;	Ordinal0 [0x00BC7976+1341814]&#10;	Ordinal0 [0x00BA36B6+1193654]&#10;	Ordinal0 [0x00BA4546+1197382]&#10;	GetHandleVerifier [0x00E89622+1619522]&#10;	GetHandleVerifier [0x00F3882C+2336844]&#10;	GetHandleVerifier [0x00D823E1+541697]&#10;	GetHandleVerifier [0x00D81443+537699]&#10;	Ordinal0 [0x00C8D18E+2150798]&#10;	Ordinal0 [0x00C91518+2168088]&#10;	Ordinal0 [0x00C91660+2168416]&#10;	Ordinal0 [0x00C9B330+2208560]&#10;	BaseThreadInitThunk [0x7794FA29+25]&#10;	RtlGetAppContainerNamedObjectPath [0x77E57A7E+286]&#10;	RtlGetAppContainerNamedObjectPath [0x77E57A4E+238]&#10;" type="org.openqa.selenium.SessionNotCreatedException"><![CDATA[org.openqa.selenium.SessionNotCreatedException: session not created: This version of ChromeDriver only supports Chrome version 97
Current browser version is 99.0.4844.51 with binary path C:\Program Files\Google\Chrome\Application\chrome.exe
Build info: version: '3.14.0', revision: 'aacccce0', time: '2018-08-02T20:19:58.91Z'
System info: host: 'DESKTOP-C7DDVKG', ip: '192.168.0.63', os.name: 'Windows 10', os.arch: 'amd64', os.version: '10.0', java.version: '11.0.14'
Driver info: driver.version: ChromeDriver
remote stacktrace: Backtrace:
	Ordinal0 [0x00CEFDC3+2555331]
	Ordinal0 [0x00C877F1+2127857]
	Ordinal0 [0x00B82E08+1060360]
	Ordinal0 [0x00BA19CA+1186250]
	Ordinal0 [0x00B9D825+1169445]
	Ordinal0 [0x00B9AFC1+1159105]
	Ordinal0 [0x00BCC22F+1360431]
	Ordinal0 [0x00BCBE9A+1359514]
	Ordinal0 [0x00BC7976+1341814]
	Ordinal0 [0x00BA36B6+1193654]
	Ordinal0 [0x00BA4546+1197382]
	GetHandleVerifier [0x00E89622+1619522]
	GetHandleVerifier [0x00F3882C+2336844]
	GetHandleVerifier [0x00D823E1+541697]
	GetHandleVerifier [0x00D81443+537699]
	Ordinal0 [0x00C8D18E+2150798]
	Ordinal0 [0x00C91518+2168088]
	Ordinal0 [0x00C91660+2168416]
	Ordinal0 [0x00C9B330+2208560]
	BaseThreadInitThunk [0x7794FA29+25]
	RtlGetAppContainerNamedObjectPath [0x77E57A7E+286]
	RtlGetAppContainerNamedObjectPath [0x77E57A4E+238]

	at java.base/jdk.internal.reflect.NativeConstructorAccessorImpl.newInstance0(Native Method)
	at java.base/jdk.internal.reflect.NativeConstructorAccessorImpl.newInstance(NativeConstructorAccessorImpl.java:62)
	at java.base/jdk.internal.reflect.DelegatingConstructorAccessorImpl.newInstance(DelegatingConstructorAccessorImpl.java:45)
	at java.base/java.lang.reflect.Constructor.newInstance(Constructor.java:490)
	at org.openqa.selenium.remote.W3CHandshakeResponse.lambda$new$0(W3CHandshakeResponse.java:57)
	at org.openqa.selenium.remote.W3CHandshakeResponse.lambda$getResponseFunction$2(W3CHandshakeResponse.java:104)
	at org.openqa.selenium.remote.ProtocolHandshake.lambda$createSession$0(ProtocolHandshake.java:122)
	at java.base/java.util.stream.ReferencePipeline$3$1.accept(ReferencePipeline.java:195)
	at java.base/java.util.Spliterators$ArraySpliterator.tryAdvance(Spliterators.java:958)
	at java.base/java.util.stream.ReferencePipeline.forEachWithCancel(ReferencePipeline.java:127)
	at java.base/java.util.stream.AbstractPipeline.copyIntoWithCancel(AbstractPipeline.java:502)
	at java.base/java.util.stream.AbstractPipeline.copyInto(AbstractPipeline.java:488)
	at java.base/java.util.stream.AbstractPipeline.wrapAndCopyInto(AbstractPipeline.java:474)
	at java.base/java.util.stream.FindOps$FindOp.evaluateSequential(FindOps.java:150)
	at java.base/java.util.stream.AbstractPipeline.evaluate(AbstractPipeline.java:234)
	at java.base/java.util.stream.ReferencePipeline.findFirst(ReferencePipeline.java:543)
	at org.openqa.selenium.remote.ProtocolHandshake.createSession(ProtocolHandshake.java:125)
	at org.openqa.selenium.remote.ProtocolHandshake.createSession(ProtocolHandshake.java:73)
	at org.openqa.selenium.remote.HttpCommandExecutor.execute(HttpCommandExecutor.java:136)
	at org.openqa.selenium.remote.service.DriverCommandExecutor.execute(DriverCommandExecutor.java:83)
	at org.openqa.selenium.remote.RemoteWebDriver.execute(RemoteWebDriver.java:548)
	at org.openqa.selenium.remote.RemoteWebDriver.startSession(RemoteWebDriver.java:212)
	at org.openqa.selenium.remote.RemoteWebDriver.<init>(RemoteWebDriver.java:130)
	at org.openqa.selenium.chrome.ChromeDriver.<init>(ChromeDriver.java:181)
	at org.openqa.selenium.chrome.ChromeDriver.<init>(ChromeDriver.java:168)
	at org.openqa.selenium.chrome.ChromeDriver.<init>(ChromeDriver.java:123)
	at com.selenium1Demo.testCases.BaseClass.setup(BaseClass.java:40)
	at java.base/jdk.internal.reflect.NativeMethodAccessorImpl.invoke0(Native Method)
	at java.base/jdk.internal.reflect.NativeMethodAccessorImpl.invoke(NativeMethodAccessorImpl.java:62)
	at java.base/jdk.internal.reflect.DelegatingMethodAccessorImpl.invoke(DelegatingMethodAccessorImpl.java:43)
	at java.base/java.lang.reflect.Method.invoke(Method.java:566)
	at org.testng.internal.MethodInvocationHelper.invokeMethod(MethodInvocationHelper.java:124)
	at org.testng.internal.MethodInvocationHelper.invokeMethodConsideringTimeout(MethodInvocationHelper.java:59)
	at org.testng.internal.Invoker.invokeConfigurationMethod(Invoker.java:458)
	at org.testng.internal.Invoker.invokeConfigurations(Invoker.java:222)
	at org.testng.internal.Invoker.invokeConfigurations(Invoker.java:142)
	at org.testng.internal.TestMethodWorker.invokeBeforeClassMethods(TestMethodWorker.java:168)
	at org.testng.internal.TestMethodWorker.run(TestMethodWorker.java:105)
	at org.testng.TestRunner.privateRun(TestRunner.java:648)
	at org.testng.TestRunner.run(TestRunner.java:505)
	at org.testng.SuiteRunner.runTest(SuiteRunner.java:455)
	at org.testng.SuiteRunner.runSequentially(SuiteRunner.java:450)
	at org.testng.SuiteRunner.privateRun(SuiteRunner.java:415)
	at org.testng.SuiteRunner.run(SuiteRunner.java:364)
	at org.testng.SuiteRunnerWorker.runSuite(SuiteRunnerWorker.java:52)
	at org.testng.SuiteRunnerWorker.run(SuiteRunnerWorker.java:84)
	at org.testng.TestNG.runSuitesSequentially(TestNG.java:1208)
	at org.testng.TestNG.runSuitesLocally(TestNG.java:1137)
	at org.testng.TestNG.runSuites(TestNG.java:1049)
	at org.testng.TestNG.run(TestNG.java:1017)
	at org.apache.maven.surefire.testng.TestNGExecutor.run(TestNGExecutor.java:295)
	at org.apache.maven.surefire.testng.TestNGXmlTestSuite.execute(TestNGXmlTestSuite.java:84)
	at org.apache.maven.surefire.testng.TestNGProvider.invoke(TestNGProvider.java:90)
	at org.apache.maven.surefire.booter.ForkedBooter.invokeProviderInSameClassLoader(ForkedBooter.java:203)
	at org.apache.maven.surefire.booter.ForkedBooter.runSuitesInProcess(ForkedBooter.java:155)
	at org.apache.maven.surefire.booter.ForkedBooter.main(ForkedBooter.java:103)
]]></failure>
    <system-err><![CDATA[Starting ChromeDriver 97.0.4692.71 (adefa7837d02a07a604c1e6eff0b3a09422ab88d-refs/branch-heads/4692@{#1247}) on port 40423
Only local connections are allowed.
Please see https://chromedriver.chromium.org/security-considerations for suggestions on keeping ChromeDriver safe.
ChromeDriver was started successfully.
]]></system-err>
  </testcase>
  <testcase name="loginDDT" classname="com.selenium1Demo.testCases.TC_LoginDDT_002" time="0">
    <skipped/>
  </testcase>
  <testcase name="loginDDT" classname="com.selenium1Demo.testCases.TC_LoginDDT_002" time="0">
    <skipped/>
  </testcase>
  <testcase name="loginDDT" classname="com.selenium1Demo.testCases.TC_LoginDDT_002" time="0">
    <skipped/>
  </testcase>
  <testcase name="loginDDT" classname="com.selenium1Demo.testCases.TC_LoginDDT_002" time="0">
    <skipped/>
  </testcase>
  <testcase name="loginDDT" classname="com.selenium1Demo.testCases.TC_LoginDDT_002" time="0">
    <skipped/>
  </testcase>
  <testcase name="tearDown" classname="com.selenium1Demo.testCases.TC_LoginDDT_002" time="0">
    <skipped/>
  </testcase>
  <testcase name="setup" classname="com.selenium1Demo.testCases.TC_AddCustommer_03" time="15.332">
    <failure message="session not created: This version of ChromeDriver only supports Chrome version 97&#10;Current browser version is 99.0.4844.51 with binary path C:\Program Files\Google\Chrome\Application\chrome.exe&#10;Build info: version: &apos;3.14.0&apos;, revision: &apos;aacccce0&apos;, time: &apos;2018-08-02T20:19:58.91Z&apos;&#10;System info: host: &apos;DESKTOP-C7DDVKG&apos;, ip: &apos;192.168.0.63&apos;, os.name: &apos;Windows 10&apos;, os.arch: &apos;amd64&apos;, os.version: &apos;10.0&apos;, java.version: &apos;11.0.14&apos;&#10;Driver info: driver.version: ChromeDriver&#10;remote stacktrace: Backtrace:&#10;	Ordinal0 [0x00CEFDC3+2555331]&#10;	Ordinal0 [0x00C877F1+2127857]&#10;	Ordinal0 [0x00B82E08+1060360]&#10;	Ordinal0 [0x00BA19CA+1186250]&#10;	Ordinal0 [0x00B9D825+1169445]&#10;	Ordinal0 [0x00B9AFC1+1159105]&#10;	Ordinal0 [0x00BCC22F+1360431]&#10;	Ordinal0 [0x00BCBE9A+1359514]&#10;	Ordinal0 [0x00BC7976+1341814]&#10;	Ordinal0 [0x00BA36B6+1193654]&#10;	Ordinal0 [0x00BA4546+1197382]&#10;	GetHandleVerifier [0x00E89622+1619522]&#10;	GetHandleVerifier [0x00F3882C+2336844]&#10;	GetHandleVerifier [0x00D823E1+541697]&#10;	GetHandleVerifier [0x00D81443+537699]&#10;	Ordinal0 [0x00C8D18E+2150798]&#10;	Ordinal0 [0x00C91518+2168088]&#10;	Ordinal0 [0x00C91660+2168416]&#10;	Ordinal0 [0x00C9B330+2208560]&#10;	BaseThreadInitThunk [0x7794FA29+25]&#10;	RtlGetAppContainerNamedObjectPath [0x77E57A7E+286]&#10;	RtlGetAppContainerNamedObjectPath [0x77E57A4E+238]&#10;" type="org.openqa.selenium.SessionNotCreatedException"><![CDATA[org.openqa.selenium.SessionNotCreatedException: session not created: This version of ChromeDriver only supports Chrome version 97
Current browser version is 99.0.4844.51 with binary path C:\Program Files\Google\Chrome\Application\chrome.exe
Build info: version: '3.14.0', revision: 'aacccce0', time: '2018-08-02T20:19:58.91Z'
System info: host: 'DESKTOP-C7DDVKG', ip: '192.168.0.63', os.name: 'Windows 10', os.arch: 'amd64', os.version: '10.0', java.version: '11.0.14'
Driver info: driver.version: ChromeDriver
remote stacktrace: Backtrace:
	Ordinal0 [0x00CEFDC3+2555331]
	Ordinal0 [0x00C877F1+2127857]
	Ordinal0 [0x00B82E08+1060360]
	Ordinal0 [0x00BA19CA+1186250]
	Ordinal0 [0x00B9D825+1169445]
	Ordinal0 [0x00B9AFC1+1159105]
	Ordinal0 [0x00BCC22F+1360431]
	Ordinal0 [0x00BCBE9A+1359514]
	Ordinal0 [0x00BC7976+1341814]
	Ordinal0 [0x00BA36B6+1193654]
	Ordinal0 [0x00BA4546+1197382]
	GetHandleVerifier [0x00E89622+1619522]
	GetHandleVerifier [0x00F3882C+2336844]
	GetHandleVerifier [0x00D823E1+541697]
	GetHandleVerifier [0x00D81443+537699]
	Ordinal0 [0x00C8D18E+2150798]
	Ordinal0 [0x00C91518+2168088]
	Ordinal0 [0x00C91660+2168416]
	Ordinal0 [0x00C9B330+2208560]
	BaseThreadInitThunk [0x7794FA29+25]
	RtlGetAppContainerNamedObjectPath [0x77E57A7E+286]
	RtlGetAppContainerNamedObjectPath [0x77E57A4E+238]

	at java.base/jdk.internal.reflect.NativeConstructorAccessorImpl.newInstance0(Native Method)
	at java.base/jdk.internal.reflect.NativeConstructorAccessorImpl.newInstance(NativeConstructorAccessorImpl.java:62)
	at java.base/jdk.internal.reflect.DelegatingConstructorAccessorImpl.newInstance(DelegatingConstructorAccessorImpl.java:45)
	at java.base/java.lang.reflect.Constructor.newInstance(Constructor.java:490)
	at org.openqa.selenium.remote.W3CHandshakeResponse.lambda$new$0(W3CHandshakeResponse.java:57)
	at org.openqa.selenium.remote.W3CHandshakeResponse.lambda$getResponseFunction$2(W3CHandshakeResponse.java:104)
	at org.openqa.selenium.remote.ProtocolHandshake.lambda$createSession$0(ProtocolHandshake.java:122)
	at java.base/java.util.stream.ReferencePipeline$3$1.accept(ReferencePipeline.java:195)
	at java.base/java.util.Spliterators$ArraySpliterator.tryAdvance(Spliterators.java:958)
	at java.base/java.util.stream.ReferencePipeline.forEachWithCancel(ReferencePipeline.java:127)
	at java.base/java.util.stream.AbstractPipeline.copyIntoWithCancel(AbstractPipeline.java:502)
	at java.base/java.util.stream.AbstractPipeline.copyInto(AbstractPipeline.java:488)
	at java.base/java.util.stream.AbstractPipeline.wrapAndCopyInto(AbstractPipeline.java:474)
	at java.base/java.util.stream.FindOps$FindOp.evaluateSequential(FindOps.java:150)
	at java.base/java.util.stream.AbstractPipeline.evaluate(AbstractPipeline.java:234)
	at java.base/java.util.stream.ReferencePipeline.findFirst(ReferencePipeline.java:543)
	at org.openqa.selenium.remote.ProtocolHandshake.createSession(ProtocolHandshake.java:125)
	at org.openqa.selenium.remote.ProtocolHandshake.createSession(ProtocolHandshake.java:73)
	at org.openqa.selenium.remote.HttpCommandExecutor.execute(HttpCommandExecutor.java:136)
	at org.openqa.selenium.remote.service.DriverCommandExecutor.execute(DriverCommandExecutor.java:83)
	at org.openqa.selenium.remote.RemoteWebDriver.execute(RemoteWebDriver.java:548)
	at org.openqa.selenium.remote.RemoteWebDriver.startSession(RemoteWebDriver.java:212)
	at org.openqa.selenium.remote.RemoteWebDriver.<init>(RemoteWebDriver.java:130)
	at org.openqa.selenium.chrome.ChromeDriver.<init>(ChromeDriver.java:181)
	at org.openqa.selenium.chrome.ChromeDriver.<init>(ChromeDriver.java:168)
	at org.openqa.selenium.chrome.ChromeDriver.<init>(ChromeDriver.java:123)
	at com.selenium1Demo.testCases.BaseClass.setup(BaseClass.java:40)
	at java.base/jdk.internal.reflect.NativeMethodAccessorImpl.invoke0(Native Method)
	at java.base/jdk.internal.reflect.NativeMethodAccessorImpl.invoke(NativeMethodAccessorImpl.java:62)
	at java.base/jdk.internal.reflect.DelegatingMethodAccessorImpl.invoke(DelegatingMethodAccessorImpl.java:43)
	at java.base/java.lang.reflect.Method.invoke(Method.java:566)
	at org.testng.internal.MethodInvocationHelper.invokeMethod(MethodInvocationHelper.java:124)
	at org.testng.internal.MethodInvocationHelper.invokeMethodConsideringTimeout(MethodInvocationHelper.java:59)
	at org.testng.internal.Invoker.invokeConfigurationMethod(Invoker.java:458)
	at org.testng.internal.Invoker.invokeConfigurations(Invoker.java:222)
	at org.testng.internal.Invoker.invokeConfigurations(Invoker.java:142)
	at org.testng.internal.TestMethodWorker.invokeBeforeClassMethods(TestMethodWorker.java:168)
	at org.testng.internal.TestMethodWorker.run(TestMethodWorker.java:105)
	at org.testng.TestRunner.privateRun(TestRunner.java:648)
	at org.testng.TestRunner.run(TestRunner.java:505)
	at org.testng.SuiteRunner.runTest(SuiteRunner.java:455)
	at org.testng.SuiteRunner.runSequentially(SuiteRunner.java:450)
	at org.testng.SuiteRunner.privateRun(SuiteRunner.java:415)
	at org.testng.SuiteRunner.run(SuiteRunner.java:364)
	at org.testng.SuiteRunnerWorker.runSuite(SuiteRunnerWorker.java:52)
	at org.testng.SuiteRunnerWorker.run(SuiteRunnerWorker.java:84)
	at org.testng.TestNG.runSuitesSequentially(TestNG.java:1208)
	at org.testng.TestNG.runSuitesLocally(TestNG.java:1137)
	at org.testng.TestNG.runSuites(TestNG.java:1049)
	at org.testng.TestNG.run(TestNG.java:1017)
	at org.apache.maven.surefire.testng.TestNGExecutor.run(TestNGExecutor.java:295)
	at org.apache.maven.surefire.testng.TestNGXmlTestSuite.execute(TestNGXmlTestSuite.java:84)
	at org.apache.maven.surefire.testng.TestNGProvider.invoke(TestNGProvider.java:90)
	at org.apache.maven.surefire.booter.ForkedBooter.invokeProviderInSameClassLoader(ForkedBooter.java:203)
	at org.apache.maven.surefire.booter.ForkedBooter.runSuitesInProcess(ForkedBooter.java:155)
	at org.apache.maven.surefire.booter.ForkedBooter.main(ForkedBooter.java:103)
]]></failure>
    <system-err><![CDATA[Starting ChromeDriver 97.0.4692.71 (adefa7837d02a07a604c1e6eff0b3a09422ab88d-refs/branch-heads/4692@{#1247}) on port 33494
Only local connections are allowed.
Please see https://chromedriver.chromium.org/security-considerations for suggestions on keeping ChromeDriver safe.
ChromeDriver was started successfully.
]]></system-err>
  </testcase>
  <testcase name="addNewCustomerTest" classname="com.selenium1Demo.testCases.TC_AddCustommer_03" time="0">
    <skipped/>
  </testcase>
  <testcase name="tearDown" classname="com.selenium1Demo.testCases.TC_AddCustommer_03" time="0">
    <skipped/>
  </testcase>
</testsuite>